<?xml version="1.0" encoding="UTF-8"?>
<testng-results ignored="0" total="1" passed="1" failed="0" skipped="0">
  <reporter-output>
  </reporter-output>
  <suite started-at="2026-02-18T17:16:11 IST" name="Default suite" finished-at="2026-02-18T17:16:30 IST" duration-ms="18954">
    <groups>
    </groups>
    <test started-at="2026-02-18T17:16:11 IST" name="Default test" finished-at="2026-02-18T17:16:30 IST" duration-ms="18954">
      <class name="tests.FirstTest">
        <test-method is-config="true" signature="setup()[pri:0, instance:tests.FirstTest@298a5e20]" started-at="2026-02-18T17:16:11 IST" name="setup" finished-at="2026-02-18T17:16:28 IST" duration-ms="16844" status="PASS">
          <reporter-output>
          </reporter-output>
        </test-method> <!-- setup -->
        <test-method signature="verifyTitle()[pri:0, instance:tests.FirstTest@298a5e20]" started-at="2026-02-18T17:16:28 IST" name="verifyTitle" finished-at="2026-02-18T17:16:30 IST" duration-ms="2061" status="PASS">
          <reporter-output>
          </reporter-output>
        </test-method> <!-- verifyTitle -->
      </class> <!-- tests.FirstTest -->
    </test> <!-- Default test -->
  </suite> <!-- Default suite -->
</testng-results>
